2018-08-07T12:20:37.181-07:00| appLoader| I120: Log for appLoader pid=1353 version=9.9.0 build=build-2304977 option=Release
2018-08-07T12:20:37.181-07:00| appLoader| I120: The process is 64-bit.
2018-08-07T12:20:37.181-07:00| appLoader| I120: Host codepage=UTF-8 encoding=UTF-8
2018-08-07T12:20:37.181-07:00| appLoader| I120: Host is Linux 3.10.0-693.el7.x86_64 CentOS Linux release 7.4.1708 (Core) 
2018-08-07T12:20:37.184-07:00| appLoader| I120: Invocation: "/usr/bin/tpvmlpd"
2018-08-07T12:20:37.184-07:00| appLoader| I120: Calling: "/usr/bin/tpvmlpd"
2018-08-07T12:20:37.184-07:00| appLoader| I120: VMDEVEL not set.
2018-08-07T12:20:37.184-07:00| appLoader| I120: VMWARE_SHIPPED_LIBS_LIST is not set.
2018-08-07T12:20:37.185-07:00| appLoader| I120: VMWARE_SYSTEM_LIBS_LIST is not set.
2018-08-07T12:20:37.185-07:00| appLoader| I120: VMWARE_USE_SHIPPED_LIBS is not set.
2018-08-07T12:20:37.185-07:00| appLoader| I120: VMWARE_USE_SYSTEM_LIBS is not set.
2018-08-07T12:20:37.185-07:00| appLoader| I120: Using configuration file /etc/vmware-tools/config.
2018-08-07T12:20:37.201-07:00| appLoader| I120: Using library directory:  /usr/lib/vmware-tools.
2018-08-07T12:20:37.270-07:00| appLoader| I120: Shipped glib version is 2.24
2018-08-07T12:20:37.270-07:00| appLoader| I120: System glib version is 2.50
2018-08-07T12:20:37.271-07:00| appLoader| I120: Using system version of glib.
2018-08-07T12:20:37.271-07:00| appLoader| I120: Marking libtpvmlpd.so node as INVALID.
2018-08-07T12:20:37.315-07:00| appLoader| I120: Marking libz.so.1 node as INVALID.
2018-08-07T12:20:37.331-07:00| appLoader| I120: Created dependency tree.
2018-08-07T12:20:37.331-07:00| appLoader| I120: Marking libtpvmlpd.so node as SHIPPED.
2018-08-07T12:20:37.331-07:00| appLoader| I120: Marking libz.so.1 node as SYSTEM.
2018-08-07T12:20:37.331-07:00| appLoader| I120: libz.so.1 <SYSTEM>
2018-08-07T12:20:37.331-07:00| appLoader| I120: libtpvmlpd.so <SHIPPED>
2018-08-07T12:20:37.332-07:00| appLoader| I120: Shipped glib version is 2.24
2018-08-07T12:20:37.332-07:00| appLoader| I120: System glib version is 2.50
2018-08-07T12:20:37.332-07:00| appLoader| I120: Using system version of glib.
2018-08-07T12:20:37.332-07:00| appLoader| I120: Loading system version of libz.so.1.
